2026-05-19T07:16:47Z INF Thank you for trying Cloudflare Tunnel. Doing so, without a Cloudflare account, is a quick way to experiment and try it out. However, be aware that these account-less Tunnels have no uptime guarantee, are subject to the Cloudflare Online Services Terms of Use (https://www.cloudflare.com/website-terms/), and Cloudflare reserves the right to investigate your use of Tunnels for violations of such terms. If you intend to use Tunnels in production you should use a pre-created named tunnel by following: https://developers.cloudflare.com/cloudflare-one/connections/connect-apps
2026-05-19T07:16:47Z INF Requesting new quick Tunnel on trycloudflare.com...
2026-05-19T07:16:51Z INF +--------------------------------------------------------------------------------------------+
2026-05-19T07:16:51Z INF |  Your quick Tunnel has been created! Visit it at (it may take some time to be reachable):  |
2026-05-19T07:16:51Z INF |  https://detect-bull-radios-vermont.trycloudflare.com                                      |
2026-05-19T07:16:51Z INF +--------------------------------------------------------------------------------------------+
2026-05-19T07:16:51Z INF Cannot determine default configuration path. No file [config.yml config.yaml] in [~/.cloudflared ~/.cloudflare-warp ~/cloudflare-warp /etc/cloudflared /usr/local/etc/cloudflared]
2026-05-19T07:16:51Z INF Version 2026.5.0 (Checksum 119c65ad4f236027e8fca213d397fa5926be97d68c05ba9a341275397b3e0bce)
2026-05-19T07:16:51Z INF GOOS: darwin, GOVersion: go1.26.3, GoArch: amd64
2026-05-19T07:16:51Z INF Settings: map[ha-connections:1 protocol:quic url:http://localhost:8501]
2026-05-19T07:16:51Z INF cloudflared will not automatically update if installed by a package manager.
2026-05-19T07:16:51Z INF Generated Connector ID: 9249aa48-6da7-4f4e-a946-6aaff1504962
2026-05-19T07:16:52Z INF Initial protocol quic
2026-05-19T07:16:52Z INF ICMP proxy will use 192.168.2.10 as source for IPv4
2026-05-19T07:16:52Z INF ICMP proxy will use fe80::1862:fd33:430a:22c in zone en0 as source for IPv6
2026-05-19T07:16:52Z INF Created ICMP proxy listening on 192.168.2.10:0
2026-05-19T07:16:52Z INF ICMP proxy will use 192.168.2.10 as source for IPv4
2026-05-19T07:16:52Z INF ICMP proxy will use fe80::1862:fd33:430a:22c in zone en0 as source for IPv6
2026-05-19T07:16:52Z INF Starting metrics server on 127.0.0.1:20241/metrics
2026-05-19T07:16:52Z INF Tunnel connection curve preferences: [X25519MLKEM768 CurveID(65074) CurveP256] connIndex=0 event=0 ip=2606:4700:a8::6
2026-05-19T07:16:52Z INF Registered tunnel connection connIndex=0 connection=272d6bf5-2b5c-448d-8c47-0b46629f291e event=0 ip=2606:4700:a8::6 location=ams19 protocol=quic
2026-05-19T07:21:06Z INF Initiating graceful shutdown due to signal terminated ...
2026-05-19T07:21:06Z ERR failed to run the datagram handler error="context canceled" connIndex=0 event=0 ip=2606:4700:a8::6
2026-05-19T07:21:06Z ERR failed to serve tunnel connection error="accept stream listener encountered a failure while serving" connIndex=0 event=0 ip=2606:4700:a8::6
2026-05-19T07:21:06Z ERR Serve tunnel error error="accept stream listener encountered a failure while serving" connIndex=0 event=0 ip=2606:4700:a8::6
2026-05-19T07:21:06Z INF Retrying connection in up to 1s connIndex=0 event=0 ip=2606:4700:a8::6
2026-05-19T07:21:06Z ERR Connection terminated connIndex=0
2026-05-19T07:21:06Z ERR no more connections active and exiting
2026-05-19T07:21:06Z INF Tunnel server stopped
2026-05-19T07:21:06Z INF Metrics server stopped
