2026-05-19T07:19:37Z INF Thank you for trying Cloudflare Tunnel. Doing so, without a Cloudflare account, is a quick way to experiment and try it out. However, be aware that these account-less Tunnels have no uptime guarantee, are subject to the Cloudflare Online Services Terms of Use (https://www.cloudflare.com/website-terms/), and Cloudflare reserves the right to investigate your use of Tunnels for violations of such terms. If you intend to use Tunnels in production you should use a pre-created named tunnel by following: https://developers.cloudflare.com/cloudflare-one/connections/connect-apps
2026-05-19T07:19:37Z INF Requesting new quick Tunnel on trycloudflare.com...
2026-05-19T07:19:42Z INF +--------------------------------------------------------------------------------------------+
2026-05-19T07:19:42Z INF |  Your quick Tunnel has been created! Visit it at (it may take some time to be reachable):  |
2026-05-19T07:19:42Z INF |  https://coordinate-adventure-candy-editorial.trycloudflare.com                            |
2026-05-19T07:19:42Z INF +--------------------------------------------------------------------------------------------+
2026-05-19T07:19:42Z INF Cannot determine default configuration path. No file [config.yml config.yaml] in [~/.cloudflared ~/.cloudflare-warp ~/cloudflare-warp /etc/cloudflared /usr/local/etc/cloudflared]
2026-05-19T07:19:42Z INF Version 2026.5.0 (Checksum 119c65ad4f236027e8fca213d397fa5926be97d68c05ba9a341275397b3e0bce)
2026-05-19T07:19:42Z INF GOOS: darwin, GOVersion: go1.26.3, GoArch: amd64
2026-05-19T07:19:42Z INF Settings: map[ha-connections:1 protocol:quic url:http://localhost:8502]
2026-05-19T07:19:42Z INF cloudflared will not automatically update if installed by a package manager.
2026-05-19T07:19:42Z INF Generated Connector ID: d1bded07-5eed-4e64-a1ac-592c4cf60f5a
2026-05-19T07:19:42Z INF Initial protocol quic
2026-05-19T07:19:42Z INF ICMP proxy will use 192.168.2.10 as source for IPv4
2026-05-19T07:19:42Z INF ICMP proxy will use fe80::1862:fd33:430a:22c in zone en0 as source for IPv6
2026-05-19T07:19:42Z INF Created ICMP proxy listening on 192.168.2.10:0
2026-05-19T07:19:42Z INF ICMP proxy will use 192.168.2.10 as source for IPv4
2026-05-19T07:19:42Z INF ICMP proxy will use fe80::1862:fd33:430a:22c in zone en0 as source for IPv6
2026-05-19T07:19:42Z INF Starting metrics server on 127.0.0.1:20243/metrics
2026-05-19T07:19:42Z INF Tunnel connection curve preferences: [X25519MLKEM768 CurveID(65074) CurveP256] connIndex=0 event=0 ip=2606:4700:a8::3
2026-05-19T07:19:42Z INF Registered tunnel connection connIndex=0 connection=31856af9-6fb1-4699-b618-4dbdc4ee8167 event=0 ip=2606:4700:a8::3 location=ams20 protocol=quic
