2026-05-19T07:17:12Z INF Thank you for trying Cloudflare Tunnel. Doing so, without a Cloudflare account, is a quick way to experiment and try it out. However, be aware that these account-less Tunnels have no uptime guarantee, are subject to the Cloudflare Online Services Terms of Use (https://www.cloudflare.com/website-terms/), and Cloudflare reserves the right to investigate your use of Tunnels for violations of such terms. If you intend to use Tunnels in production you should use a pre-created named tunnel by following: https://developers.cloudflare.com/cloudflare-one/connections/connect-apps
2026-05-19T07:17:12Z INF Requesting new quick Tunnel on trycloudflare.com...
2026-05-19T07:17:17Z INF +--------------------------------------------------------------------------------------------+
2026-05-19T07:17:17Z INF |  Your quick Tunnel has been created! Visit it at (it may take some time to be reachable):  |
2026-05-19T07:17:17Z INF |  https://contacting-ana-passage-ride.trycloudflare.com                                     |
2026-05-19T07:17:17Z INF +--------------------------------------------------------------------------------------------+
2026-05-19T07:17:17Z INF Cannot determine default configuration path. No file [config.yml config.yaml] in [~/.cloudflared ~/.cloudflare-warp ~/cloudflare-warp /etc/cloudflared /usr/local/etc/cloudflared]
2026-05-19T07:17:17Z INF Version 2026.5.0 (Checksum 119c65ad4f236027e8fca213d397fa5926be97d68c05ba9a341275397b3e0bce)
2026-05-19T07:17:17Z INF GOOS: darwin, GOVersion: go1.26.3, GoArch: amd64
2026-05-19T07:17:17Z INF Settings: map[ha-connections:1 protocol:quic url:http://localhost:8503]
2026-05-19T07:17:17Z INF cloudflared will not automatically update if installed by a package manager.
2026-05-19T07:17:17Z INF Generated Connector ID: d0857e11-1ba9-458f-91f9-8b4f7b141ade
2026-05-19T07:17:17Z INF Initial protocol quic
2026-05-19T07:17:17Z INF ICMP proxy will use 192.168.2.10 as source for IPv4
2026-05-19T07:17:17Z INF ICMP proxy will use fe80::1862:fd33:430a:22c in zone en0 as source for IPv6
2026-05-19T07:17:17Z INF Created ICMP proxy listening on 192.168.2.10:0
2026-05-19T07:17:17Z INF ICMP proxy will use 192.168.2.10 as source for IPv4
2026-05-19T07:17:17Z INF ICMP proxy will use fe80::1862:fd33:430a:22c in zone en0 as source for IPv6
2026-05-19T07:17:17Z INF Starting metrics server on 127.0.0.1:20242/metrics
2026-05-19T07:17:17Z INF Tunnel connection curve preferences: [X25519MLKEM768 CurveID(65074) CurveP256] connIndex=0 event=0 ip=2606:4700:a8::10
2026-05-19T07:17:17Z INF Registered tunnel connection connIndex=0 connection=f0b9462e-d4c4-4321-a348-0b3cec3e6842 event=0 ip=2606:4700:a8::10 location=ams18 protocol=quic
